  [1m[36m (1.5ms)[0m  [1mCREATE TABLE "schema_migrations" ("version" varchar(255) NOT NULL) [0m
  [1m[35m (1.2ms)[0m  CREATE UNIQUE INDEX "unique_schema_migrations" ON "schema_migrations" ("version")
  [1m[36mActiveRecord::SchemaMigration Load (0.2ms)[0m  [1mSELECT "schema_migrations".* FROM "schema_migrations"[0m
Migrating to CreateUsers (20131109191153)
  [1m[35m (0.1ms)[0m  begin transaction
  [1m[36m (0.4ms)[0m  [1mCREATE TABLE "users" ("id" INTEGER PRIMARY KEY AUTOINCREMENT NOT NULL, "name" varchar(255), "email" varchar(255), "password" varchar(255), "twitter_handle" varchar(255), "created_at" datetime, "updated_at" datetime) [0m
  [1m[35mSQL (0.2ms)[0m  INSERT INTO "schema_migrations" ("version") VALUES (?)  [["version", "20131109191153"]]
  [1m[36m (1.2ms)[0m  [1mcommit transaction[0m
  [1m[35mActiveRecord::SchemaMigration Load (0.1ms)[0m  SELECT "schema_migrations".* FROM "schema_migrations"
  [1m[36mActiveRecord::SchemaMigration Load (0.2ms)[0m  [1mSELECT "schema_migrations".* FROM "schema_migrations"[0m
Migrating to AddDeviseToUsers (20131109193803)
  [1m[35m (0.1ms)[0m  begin transaction
  [1m[36m (0.5ms)[0m  [1mALTER TABLE "users" ADD "email" varchar(255) DEFAULT '' NOT NULL[0m
SQLite3::SQLException: duplicate column name: email: ALTER TABLE "users" ADD "email" varchar(255) DEFAULT '' NOT NULL
  [1m[35m (0.1ms)[0m  rollback transaction
  [1m[36m (1.5ms)[0m  [1mCREATE TABLE "users" ("id" INTEGER PRIMARY KEY AUTOINCREMENT NOT NULL, "name" varchar(255), "email" varchar(255), "password" varchar(255), "twitter_handle" varchar(255), "created_at" datetime, "updated_at" datetime) [0m
  [1m[35m (1.3ms)[0m  CREATE TABLE "schema_migrations" ("version" varchar(255) NOT NULL) 
  [1m[36m (1.1ms)[0m  [1mCREATE UNIQUE INDEX "unique_schema_migrations" ON "schema_migrations" ("version")[0m
  [1m[35m (0.1ms)[0m  SELECT version FROM "schema_migrations"
  [1m[36m (1.0ms)[0m  [1mINSERT INTO "schema_migrations" (version) VALUES ('20131109191153')[0m
  [1m[35mActiveRecord::SchemaMigration Load (0.1ms)[0m  SELECT "schema_migrations".* FROM "schema_migrations"
  [1m[36mActiveRecord::SchemaMigration Load (0.1ms)[0m  [1mSELECT "schema_migrations".* FROM "schema_migrations"[0m
Migrating to AddDeviseToUsers (20131109193803)
  [1m[35m (0.1ms)[0m  begin transaction
  [1m[36m (0.5ms)[0m  [1mALTER TABLE "users" ADD "email" varchar(255) DEFAULT '' NOT NULL[0m
SQLite3::SQLException: duplicate column name: email: ALTER TABLE "users" ADD "email" varchar(255) DEFAULT '' NOT NULL
  [1m[35m (0.1ms)[0m  rollback transaction
  [1m[36m (3.1ms)[0m  [1mCREATE TABLE "schema_migrations" ("version" varchar(255) NOT NULL) [0m
  [1m[35m (1.7ms)[0m  CREATE UNIQUE INDEX "unique_schema_migrations" ON "schema_migrations" ("version")
  [1m[36mActiveRecord::SchemaMigration Load (0.1ms)[0m  [1mSELECT "schema_migrations".* FROM "schema_migrations"[0m
Migrating to CreateUsers (20131109191153)
  [1m[35m (0.1ms)[0m  begin transaction
  [1m[36m (0.4ms)[0m  [1mCREATE TABLE "users" ("id" INTEGER PRIMARY KEY AUTOINCREMENT NOT NULL, "name" varchar(255), "twitter_handle" varchar(255), "created_at" datetime, "updated_at" datetime) [0m
  [1m[35mSQL (0.2ms)[0m  INSERT INTO "schema_migrations" ("version") VALUES (?)  [["version", "20131109191153"]]
  [1m[36m (1.2ms)[0m  [1mcommit transaction[0m
Migrating to AddDeviseToUsers (20131109193803)
  [1m[35m (0.1ms)[0m  begin transaction
  [1m[36m (0.4ms)[0m  [1mALTER TABLE "users" ADD "email" varchar(255) DEFAULT '' NOT NULL[0m
  [1m[35m (0.2ms)[0m  ALTER TABLE "users" ADD "encrypted_password" varchar(255) DEFAULT '' NOT NULL
  [1m[36m (0.2ms)[0m  [1mALTER TABLE "users" ADD "reset_password_token" varchar(255)[0m
  [1m[35m (0.2ms)[0m  ALTER TABLE "users" ADD "reset_password_sent_at" datetime
  [1m[36m (0.1ms)[0m  [1mALTER TABLE "users" ADD "remember_created_at" datetime[0m
  [1m[35m (0.2ms)[0m  ALTER TABLE "users" ADD "sign_in_count" integer DEFAULT 0 NOT NULL
  [1m[36m (0.1ms)[0m  [1mALTER TABLE "users" ADD "current_sign_in_at" datetime[0m
  [1m[35m (0.2ms)[0m  ALTER TABLE "users" ADD "last_sign_in_at" datetime
  [1m[36m (0.1ms)[0m  [1mALTER TABLE "users" ADD "current_sign_in_ip" varchar(255)[0m
  [1m[35m (0.1ms)[0m  ALTER TABLE "users" ADD "last_sign_in_ip" varchar(255)
  [1m[36m (0.3ms)[0m  [1mCREATE UNIQUE INDEX "index_users_on_email" ON "users" ("email")[0m
  [1m[35m (0.1ms)[0m  CREATE UNIQUE INDEX "index_users_on_reset_password_token" ON "users" ("reset_password_token")
  [1m[36mSQL (0.1ms)[0m  [1mINSERT INTO "schema_migrations" ("version") VALUES (?)[0m  [["version", "20131109193803"]]
  [1m[35m (1.1ms)[0m  commit transaction
  [1m[36mActiveRecord::SchemaMigration Load (0.1ms)[0m  [1mSELECT "schema_migrations".* FROM "schema_migrations"[0m


Started GET "/" for 127.0.0.1 at 2013-11-09 15:04:21 -0500
  [1m[36mActiveRecord::SchemaMigration Load (0.2ms)[0m  [1mSELECT "schema_migrations".* FROM "schema_migrations"[0m

ActionController::RoutingError - uninitialized constant WelcomeController:
  actionpack (4.0.1) lib/action_dispatch/routing/route_set.rb:69:in `rescue in controller'
  actionpack (4.0.1) lib/action_dispatch/routing/route_set.rb:64:in `controller'
  actionpack (4.0.1) lib/action_dispatch/routing/route_set.rb:44:in `call'
  actionpack (4.0.1) lib/action_dispatch/journey/router.rb:71:in `block in call'
  actionpack (4.0.1) lib/action_dispatch/journey/router.rb:59:in `call'
  actionpack (4.0.1) lib/action_dispatch/routing/route_set.rb:680:in `call'
  warden (1.2.3) lib/warden/manager.rb:35:in `block in call'
  warden (1.2.3) lib/warden/manager.rb:34:in `call'
  rack (1.5.2) lib/rack/etag.rb:23:in `call'
  rack (1.5.2) lib/rack/conditionalget.rb:25:in `call'
  rack (1.5.2) lib/rack/head.rb:11:in `call'
  actionpack (4.0.1) lib/action_dispatch/middleware/params_parser.rb:27:in `call'
  actionpack (4.0.1) lib/action_dispatch/middleware/flash.rb:241:in `call'
  rack (1.5.2) lib/rack/session/abstract/id.rb:225:in `context'
  rack (1.5.2) lib/rack/session/abstract/id.rb:220:in `call'
  actionpack (4.0.1) lib/action_dispatch/middleware/cookies.rb:486:in `call'
  activerecord (4.0.1) lib/active_record/query_cache.rb:36:in `call'
  activerecord (4.0.1) lib/active_record/connection_adapters/abstract/connection_pool.rb:626:in `call'
  activerecord (4.0.1) lib/active_record/migration.rb:369:in `call'
  actionpack (4.0.1) lib/action_dispatch/middleware/callbacks.rb:29:in `block in call'
  activesupport (4.0.1) lib/active_support/callbacks.rb:373:in `_run__4182903511167677913__call__callbacks'
  activesupport (4.0.1) lib/active_support/callbacks.rb:80:in `run_callbacks'
  actionpack (4.0.1) lib/action_dispatch/middleware/callbacks.rb:27:in `call'
  actionpack (4.0.1) lib/action_dispatch/middleware/reloader.rb:64:in `call'
  actionpack (4.0.1) lib/action_dispatch/middleware/remote_ip.rb:76:in `call'
  better_errors (1.0.1) lib/better_errors/middleware.rb:84:in `protected_app_call'
  better_errors (1.0.1) lib/better_errors/middleware.rb:79:in `better_errors_call'
  better_errors (1.0.1) lib/better_errors/middleware.rb:56:in `call'
  actionpack (4.0.1) lib/action_dispatch/middleware/debug_exceptions.rb:17:in `call'
  actionpack (4.0.1) lib/action_dispatch/middleware/show_exceptions.rb:30:in `call'
  railties (4.0.1) lib/rails/rack/logger.rb:38:in `call_app'
  railties (4.0.1) lib/rails/rack/logger.rb:20:in `block in call'
  activesupport (4.0.1) lib/active_support/tagged_logging.rb:67:in `block in tagged'
  activesupport (4.0.1) lib/active_support/tagged_logging.rb:25:in `tagged'
  activesupport (4.0.1) lib/active_support/tagged_logging.rb:67:in `tagged'
  railties (4.0.1) lib/rails/rack/logger.rb:20:in `call'
  actionpack (4.0.1) lib/action_dispatch/middleware/request_id.rb:21:in `call'
  rack (1.5.2) lib/rack/methodoverride.rb:21:in `call'
  rack (1.5.2) lib/rack/runtime.rb:17:in `call'
  activesupport (4.0.1) lib/active_support/cache/strategy/local_cache.rb:83:in `call'
  rack (1.5.2) lib/rack/lock.rb:17:in `call'
  actionpack (4.0.1) lib/action_dispatch/middleware/static.rb:64:in `call'
  rack (1.5.2) lib/rack/sendfile.rb:112:in `call'
  railties (4.0.1) lib/rails/engine.rb:511:in `call'
  railties (4.0.1) lib/rails/application.rb:97:in `call'
  rack (1.5.2) lib/rack/lock.rb:17:in `call'
  rack (1.5.2) lib/rack/content_length.rb:14:in `call'
  rack (1.5.2) lib/rack/handler/webrick.rb:60:in `service'
  /Users/jansonp/.rvm/rubies/ruby-2.0.0-p247/lib/ruby/2.0.0/webrick/httpserver.rb:138:in `service'
  /Users/jansonp/.rvm/rubies/ruby-2.0.0-p247/lib/ruby/2.0.0/webrick/httpserver.rb:94:in `run'
  /Users/jansonp/.rvm/rubies/ruby-2.0.0-p247/lib/ruby/2.0.0/webrick/server.rb:295:in `block in start_thread'



Started POST "/__better_errors/70167661336240/variables" for 127.0.0.1 at 2013-11-09 15:04:22 -0500


Started GET "/" for 127.0.0.1 at 2013-11-09 15:04:26 -0500

ActionController::RoutingError - uninitialized constant WelcomeController:
  actionpack (4.0.1) lib/action_dispatch/routing/route_set.rb:69:in `rescue in controller'
  actionpack (4.0.1) lib/action_dispatch/routing/route_set.rb:64:in `controller'
  actionpack (4.0.1) lib/action_dispatch/routing/route_set.rb:44:in `call'
  actionpack (4.0.1) lib/action_dispatch/journey/router.rb:71:in `block in call'
  actionpack (4.0.1) lib/action_dispatch/journey/router.rb:59:in `call'
  actionpack (4.0.1) lib/action_dispatch/routing/route_set.rb:680:in `call'
  warden (1.2.3) lib/warden/manager.rb:35:in `block in call'
  warden (1.2.3) lib/warden/manager.rb:34:in `call'
  rack (1.5.2) lib/rack/etag.rb:23:in `call'
  rack (1.5.2) lib/rack/conditionalget.rb:25:in `call'
  rack (1.5.2) lib/rack/head.rb:11:in `call'
  actionpack (4.0.1) lib/action_dispatch/middleware/params_parser.rb:27:in `call'
  actionpack (4.0.1) lib/action_dispatch/middleware/flash.rb:241:in `call'
  rack (1.5.2) lib/rack/session/abstract/id.rb:225:in `context'
  rack (1.5.2) lib/rack/session/abstract/id.rb:220:in `call'
  actionpack (4.0.1) lib/action_dispatch/middleware/cookies.rb:486:in `call'
  activerecord (4.0.1) lib/active_record/query_cache.rb:36:in `call'
  activerecord (4.0.1) lib/active_record/connection_adapters/abstract/connection_pool.rb:626:in `call'
  activerecord (4.0.1) lib/active_record/migration.rb:369:in `call'
  actionpack (4.0.1) lib/action_dispatch/middleware/callbacks.rb:29:in `block in call'
  activesupport (4.0.1) lib/active_support/callbacks.rb:373:in `_run__4182903511167677913__call__callbacks'
  activesupport (4.0.1) lib/active_support/callbacks.rb:80:in `run_callbacks'
  actionpack (4.0.1) lib/action_dispatch/middleware/callbacks.rb:27:in `call'
  actionpack (4.0.1) lib/action_dispatch/middleware/reloader.rb:64:in `call'
  actionpack (4.0.1) lib/action_dispatch/middleware/remote_ip.rb:76:in `call'
  better_errors (1.0.1) lib/better_errors/middleware.rb:84:in `protected_app_call'
  better_errors (1.0.1) lib/better_errors/middleware.rb:79:in `better_errors_call'
  better_errors (1.0.1) lib/better_errors/middleware.rb:56:in `call'
  actionpack (4.0.1) lib/action_dispatch/middleware/debug_exceptions.rb:17:in `call'
  actionpack (4.0.1) lib/action_dispatch/middleware/show_exceptions.rb:30:in `call'
  railties (4.0.1) lib/rails/rack/logger.rb:38:in `call_app'
  railties (4.0.1) lib/rails/rack/logger.rb:20:in `block in call'
  activesupport (4.0.1) lib/active_support/tagged_logging.rb:67:in `block in tagged'
  activesupport (4.0.1) lib/active_support/tagged_logging.rb:25:in `tagged'
  activesupport (4.0.1) lib/active_support/tagged_logging.rb:67:in `tagged'
  railties (4.0.1) lib/rails/rack/logger.rb:20:in `call'
  actionpack (4.0.1) lib/action_dispatch/middleware/request_id.rb:21:in `call'
  rack (1.5.2) lib/rack/methodoverride.rb:21:in `call'
  rack (1.5.2) lib/rack/runtime.rb:17:in `call'
  activesupport (4.0.1) lib/active_support/cache/strategy/local_cache.rb:83:in `call'
  rack (1.5.2) lib/rack/lock.rb:17:in `call'
  actionpack (4.0.1) lib/action_dispatch/middleware/static.rb:64:in `call'
  rack (1.5.2) lib/rack/sendfile.rb:112:in `call'
  railties (4.0.1) lib/rails/engine.rb:511:in `call'
  railties (4.0.1) lib/rails/application.rb:97:in `call'
  rack (1.5.2) lib/rack/lock.rb:17:in `call'
  rack (1.5.2) lib/rack/content_length.rb:14:in `call'
  rack (1.5.2) lib/rack/handler/webrick.rb:60:in `service'
  /Users/jansonp/.rvm/rubies/ruby-2.0.0-p247/lib/ruby/2.0.0/webrick/httpserver.rb:138:in `service'
  /Users/jansonp/.rvm/rubies/ruby-2.0.0-p247/lib/ruby/2.0.0/webrick/httpserver.rb:94:in `run'
  /Users/jansonp/.rvm/rubies/ruby-2.0.0-p247/lib/ruby/2.0.0/webrick/server.rb:295:in `block in start_thread'



Started POST "/__better_errors/70167644895320/variables" for 127.0.0.1 at 2013-11-09 15:04:26 -0500


Started GET "/" for 127.0.0.1 at 2013-11-09 15:09:05 -0500
Processing by PagesController#home as HTML
  Rendered pages/home.html.erb within layouts/application (2.0ms)
Completed 500 Internal Server Error in 68ms

Sass::SyntaxError - File to import not found or unreadable: twitter/bootsrap.
Load paths:
  /Users/jansonp/Development/projects/coolkids/coolkids/app/assets/images
  /Users/jansonp/Development/projects/coolkids/coolkids/app/assets/javascripts
  /Users/jansonp/Development/projects/coolkids/coolkids/app/assets/stylesheets
  /Users/jansonp/Development/projects/coolkids/coolkids/vendor/assets/javascripts
  /Users/jansonp/Development/projects/coolkids/coolkids/vendor/assets/stylesheets
  /Users/jansonp/.rvm/gems/ruby-2.0.0-p247/gems/anjlab-bootstrap-rails-3.0.0.3/app/assets/fonts
  /Users/jansonp/.rvm/gems/ruby-2.0.0-p247/gems/anjlab-bootstrap-rails-3.0.0.3/app/assets/javascripts
  /Users/jansonp/.rvm/gems/ruby-2.0.0-p247/gems/anjlab-bootstrap-rails-3.0.0.3/app/assets/stylesheets
  /Users/jansonp/.rvm/gems/ruby-2.0.0-p247/gems/anjlab-bootstrap-rails-3.0.0.3/vendor/assets/javascripts
  /Users/jansonp/.rvm/gems/ruby-2.0.0-p247/gems/turbolinks-1.3.0/lib/assets/javascripts
  /Users/jansonp/.rvm/gems/ruby-2.0.0-p247/gems/jquery-rails-3.0.4/vendor/assets/javascripts
  /Users/jansonp/.rvm/gems/ruby-2.0.0-p247/gems/coffee-rails-4.0.1/lib/assets/javascripts
  (in /Users/jansonp/Development/projects/coolkids/coolkids/app/assets/stylesheets/application.css.scss:16):
  sass (3.2.12) lib/sass/tree/import_node.rb:67:in `rescue in import'
  sass (3.2.12) lib/sass/tree/import_node.rb:45:in `import'
  sass (3.2.12) lib/sass/tree/import_node.rb:28:in `imported_file'
  sass (3.2.12) lib/sass/tree/import_node.rb:37:in `css_import?'
  sass (3.2.12) lib/sass/tree/visitors/perform.rb:217:in `visit_import'
  sass (3.2.12) lib/sass/tree/visitors/base.rb:37:in `visit'
  sass (3.2.12) lib/sass/tree/visitors/perform.rb:100:in `visit'
  sass (3.2.12) lib/sass/tree/visitors/base.rb:53:in `block in visit_children'
  sass (3.2.12) lib/sass/tree/visitors/base.rb:53:in `visit_children'
  sass (3.2.12) lib/sass/tree/visitors/perform.rb:109:in `block in visit_children'
  sass (3.2.12) lib/sass/tree/visitors/perform.rb:121:in `with_environment'
  sass (3.2.12) lib/sass/tree/visitors/perform.rb:108:in `visit_children'
  sass (3.2.12) lib/sass/tree/visitors/base.rb:37:in `block in visit'
  sass (3.2.12) lib/sass/tree/visitors/perform.rb:128:in `visit_root'
  sass (3.2.12) lib/sass/tree/visitors/base.rb:37:in `visit'
  sass (3.2.12) lib/sass/tree/visitors/perform.rb:100:in `visit'
  sass (3.2.12) lib/sass/tree/visitors/perform.rb:7:in `visit'
  sass (3.2.12) lib/sass/tree/root_node.rb:20:in `render'
  sass (3.2.12) lib/sass/engine.rb:315:in `_render'
  sass (3.2.12) lib/sass/engine.rb:262:in `render'
  sprockets (2.10.0) lib/sprockets/sass_template.rb:53:in `evaluate'
  tilt (1.4.1) lib/tilt/template.rb:103:in `render'
  sprockets (2.10.0) lib/sprockets/context.rb:197:in `block in evaluate'
  sprockets (2.10.0) lib/sprockets/context.rb:194:in `evaluate'
  sprockets (2.10.0) lib/sprockets/processed_asset.rb:12:in `initialize'
  sprockets (2.10.0) lib/sprockets/base.rb:374:in `block in build_asset'
  sprockets (2.10.0) lib/sprockets/base.rb:395:in `circular_call_protection'
  sprockets (2.10.0) lib/sprockets/base.rb:373:in `build_asset'
  sprockets (2.10.0) lib/sprockets/index.rb:94:in `block in build_asset'
  sprockets (2.10.0) lib/sprockets/caching.rb:58:in `cache_asset'
  sprockets (2.10.0) lib/sprockets/index.rb:93:in `build_asset'
  sprockets (2.10.0) lib/sprockets/base.rb:287:in `find_asset'
  sprockets (2.10.0) lib/sprockets/index.rb:61:in `find_asset'
  sprockets (2.10.0) lib/sprockets/bundled_asset.rb:16:in `initialize'
  sprockets (2.10.0) lib/sprockets/base.rb:377:in `build_asset'
  sprockets (2.10.0) lib/sprockets/index.rb:94:in `block in build_asset'
  sprockets (2.10.0) lib/sprockets/caching.rb:58:in `cache_asset'
  sprockets (2.10.0) lib/sprockets/index.rb:93:in `build_asset'
  sprockets (2.10.0) lib/sprockets/base.rb:287:in `find_asset'
  sprockets (2.10.0) lib/sprockets/index.rb:61:in `find_asset'
  sprockets (2.10.0) lib/sprockets/environment.rb:75:in `find_asset'
  sprockets (2.10.0) lib/sprockets/base.rb:295:in `[]'
  sprockets-rails (2.0.1) lib/sprockets/rails/helper.rb:144:in `lookup_asset_for_path'
  sprockets-rails (2.0.1) lib/sprockets/rails/helper.rb:113:in `block in stylesheet_link_tag'
  sprockets-rails (2.0.1) lib/sprockets/rails/helper.rb:112:in `stylesheet_link_tag'
  app/views/layouts/application.html.erb:5:in `_app_views_layouts_application_html_erb__1401541777963954270_70167644608360'
  actionpack (4.0.1) lib/action_view/template.rb:143:in `block in render'
  activesupport (4.0.1) lib/active_support/notifications.rb:161:in `instrument'
  actionpack (4.0.1) lib/action_view/template.rb:141:in `render'
  actionpack (4.0.1) lib/action_view/renderer/template_renderer.rb:61:in `render_with_layout'
  actionpack (4.0.1) lib/action_view/renderer/template_renderer.rb:47:in `render_template'
  actionpack (4.0.1) lib/action_view/renderer/template_renderer.rb:17:in `render'
  actionpack (4.0.1) lib/action_view/renderer/renderer.rb:42:in `render_template'
  actionpack (4.0.1) lib/action_view/renderer/renderer.rb:23:in `render'
  actionpack (4.0.1) lib/abstract_controller/rendering.rb:127:in `_render_template'
  actionpack (4.0.1) lib/action_controller/metal/streaming.rb:219:in `_render_template'
  actionpack (4.0.1) lib/abstract_controller/rendering.rb:120:in `render_to_body'
  actionpack (4.0.1) lib/action_controller/metal/rendering.rb:33:in `render_to_body'
  actionpack (4.0.1) lib/action_controller/metal/renderers.rb:26:in `render_to_body'
  actionpack (4.0.1) lib/abstract_controller/rendering.rb:97:in `render'
  actionpack (4.0.1) lib/action_controller/metal/rendering.rb:16:in `render'
  actionpack (4.0.1) lib/action_controller/metal/instrumentation.rb:41:in `block (2 levels) in render'
  activesupport (4.0.1) lib/active_support/core_ext/benchmark.rb:12:in `block in ms'
  /Users/jansonp/.rvm/rubies/ruby-2.0.0-p247/lib/ruby/2.0.0/benchmark.rb:296:in `realtime'
  activesupport (4.0.1) lib/active_support/core_ext/benchmark.rb:12:in `ms'
  actionpack (4.0.1) lib/action_controller/metal/instrumentation.rb:41:in `block in render'
  actionpack (4.0.1) lib/action_controller/metal/instrumentation.rb:84:in `cleanup_view_runtime'
  activerecord (4.0.1) lib/active_record/railties/controller_runtime.rb:25:in `cleanup_view_runtime'
  actionpack (4.0.1) lib/action_controller/metal/instrumentation.rb:40:in `render'
  actionpack (4.0.1) lib/action_controller/metal/implicit_render.rb:10:in `default_render'
  actionpack (4.0.1) lib/action_controller/metal/implicit_render.rb:5:in `send_action'
  actionpack (4.0.1) lib/abstract_controller/base.rb:189:in `process_action'
  actionpack (4.0.1) lib/action_controller/metal/rendering.rb:10:in `process_action'
  actionpack (4.0.1) lib/abstract_controller/callbacks.rb:18:in `block in process_action'
  activesupport (4.0.1) lib/active_support/callbacks.rb:403:in `_run__2055677820388050526__process_action__callbacks'
  activesupport (4.0.1) lib/active_support/callbacks.rb:80:in `run_callbacks'
  actionpack (4.0.1) lib/abstract_controller/callbacks.rb:17:in `process_action'
  actionpack (4.0.1) lib/action_controller/metal/rescue.rb:29:in `process_action'
  actionpack (4.0.1) lib/action_controller/metal/instrumentation.rb:31:in `block in process_action'
  activesupport (4.0.1) lib/active_support/notifications.rb:159:in `block in instrument'
  activesupport (4.0.1) lib/active_support/notifications/instrumenter.rb:20:in `instrument'
  activesupport (4.0.1) lib/active_support/notifications.rb:159:in `instrument'
  actionpack (4.0.1) lib/action_controller/metal/instrumentation.rb:30:in `process_action'
  actionpack (4.0.1) lib/action_controller/metal/params_wrapper.rb:245:in `process_action'
  activerecord (4.0.1) lib/active_record/railties/controller_runtime.rb:18:in `process_action'
  actionpack (4.0.1) lib/abstract_controller/base.rb:136:in `process'
  actionpack (4.0.1) lib/abstract_controller/rendering.rb:44:in `process'
  actionpack (4.0.1) lib/action_controller/metal.rb:195:in `dispatch'
  actionpack (4.0.1) lib/action_controller/metal/rack_delegation.rb:13:in `dispatch'
  actionpack (4.0.1) lib/action_controller/metal.rb:231:in `block in action'
  actionpack (4.0.1) lib/action_dispatch/routing/route_set.rb:80:in `dispatch'
  actionpack (4.0.1) lib/action_dispatch/routing/route_set.rb:48:in `call'
  actionpack (4.0.1) lib/action_dispatch/journey/router.rb:71:in `block in call'
  actionpack (4.0.1) lib/action_dispatch/journey/router.rb:59:in `call'
  actionpack (4.0.1) lib/action_dispatch/routing/route_set.rb:680:in `call'
  warden (1.2.3) lib/warden/manager.rb:35:in `block in call'
  warden (1.2.3) lib/warden/manager.rb:34:in `call'
  rack (1.5.2) lib/rack/etag.rb:23:in `call'
  rack (1.5.2) lib/rack/conditionalget.rb:25:in `call'
  rack (1.5.2) lib/rack/head.rb:11:in `call'
  actionpack (4.0.1) lib/action_dispatch/middleware/params_parser.rb:27:in `call'
  actionpack (4.0.1) lib/action_dispatch/middleware/flash.rb:241:in `call'
  rack (1.5.2) lib/rack/session/abstract/id.rb:225:in `context'
  rack (1.5.2) lib/rack/session/abstract/id.rb:220:in `call'
  actionpack (4.0.1) lib/action_dispatch/middleware/cookies.rb:486:in `call'
  activerecord (4.0.1) lib/active_record/query_cache.rb:36:in `call'
  activerecord (4.0.1) lib/active_record/connection_adapters/abstract/connection_pool.rb:626:in `call'
  activerecord (4.0.1) lib/active_record/migration.rb:369:in `call'
  actionpack (4.0.1) lib/action_dispatch/middleware/callbacks.rb:29:in `block in call'
  activesupport (4.0.1) lib/active_support/callbacks.rb:373:in `_run__4182903511167677913__call__callbacks'
  activesupport (4.0.1) lib/active_support/callbacks.rb:80:in `run_callbacks'
  actionpack (4.0.1) lib/action_dispatch/middleware/callbacks.rb:27:in `call'
  actionpack (4.0.1) lib/action_dispatch/middleware/reloader.rb:64:in `call'
  actionpack (4.0.1) lib/action_dispatch/middleware/remote_ip.rb:76:in `call'
  better_errors (1.0.1) lib/better_errors/middleware.rb:84:in `protected_app_call'
  better_errors (1.0.1) lib/better_errors/middleware.rb:79:in `better_errors_call'
  better_errors (1.0.1) lib/better_errors/middleware.rb:56:in `call'
  actionpack (4.0.1) lib/action_dispatch/middleware/debug_exceptions.rb:17:in `call'
  actionpack (4.0.1) lib/action_dispatch/middleware/show_exceptions.rb:30:in `call'
  railties (4.0.1) lib/rails/rack/logger.rb:38:in `call_app'
  railties (4.0.1) lib/rails/rack/logger.rb:20:in `block in call'
  activesupport (4.0.1) lib/active_support/tagged_logging.rb:67:in `block in tagged'
  activesupport (4.0.1) lib/active_support/tagged_logging.rb:25:in `tagged'
  activesupport (4.0.1) lib/active_support/tagged_logging.rb:67:in `tagged'
  railties (4.0.1) lib/rails/rack/logger.rb:20:in `call'
  actionpack (4.0.1) lib/action_dispatch/middleware/request_id.rb:21:in `call'
  rack (1.5.2) lib/rack/methodoverride.rb:21:in `call'
  rack (1.5.2) lib/rack/runtime.rb:17:in `call'
  activesupport (4.0.1) lib/active_support/cache/strategy/local_cache.rb:83:in `call'
  rack (1.5.2) lib/rack/lock.rb:17:in `call'
  actionpack (4.0.1) lib/action_dispatch/middleware/static.rb:64:in `call'
  rack (1.5.2) lib/rack/sendfile.rb:112:in `call'
  railties (4.0.1) lib/rails/engine.rb:511:in `call'
  railties (4.0.1) lib/rails/application.rb:97:in `call'
  rack (1.5.2) lib/rack/lock.rb:17:in `call'
  rack (1.5.2) lib/rack/content_length.rb:14:in `call'
  rack (1.5.2) lib/rack/handler/webrick.rb:60:in `service'
  /Users/jansonp/.rvm/rubies/ruby-2.0.0-p247/lib/ruby/2.0.0/webrick/httpserver.rb:138:in `service'
  /Users/jansonp/.rvm/rubies/ruby-2.0.0-p247/lib/ruby/2.0.0/webrick/httpserver.rb:94:in `run'
  /Users/jansonp/.rvm/rubies/ruby-2.0.0-p247/lib/ruby/2.0.0/webrick/server.rb:295:in `block in start_thread'



Started POST "/__better_errors/70167662385580/variables" for 127.0.0.1 at 2013-11-09 15:09:05 -0500


Started GET "/" for 127.0.0.1 at 2013-11-09 15:09:45 -0500
Processing by PagesController#home as HTML
  Rendered pages/home.html.erb within layouts/application (0.1ms)
Completed 200 OK in 3503ms (Views: 3502.6ms | ActiveRecord: 0.0ms)


Started GET "/assets/twitter/bootstrap/alert.js?body=1" for 127.0.0.1 at 2013-11-09 15:09:48 -0500


Started GET "/assets/twitter/bootstrap/transition.js?body=1" for 127.0.0.1 at 2013-11-09 15:09:48 -0500


Started GET "/assets/twitter/bootstrap/button.js?body=1" for 127.0.0.1 at 2013-11-09 15:09:48 -0500


Started GET "/assets/twitter/bootstrap/carousel.js?body=1" for 127.0.0.1 at 2013-11-09 15:09:48 -0500


Started GET "/assets/twitter/bootstrap/collapse.js?body=1" for 127.0.0.1 at 2013-11-09 15:09:48 -0500


Started GET "/assets/application.css?body=1" for 127.0.0.1 at 2013-11-09 15:09:48 -0500


Started GET "/assets/twitter/bootstrap/dropdown.js?body=1" for 127.0.0.1 at 2013-11-09 15:09:48 -0500


Started GET "/assets/users.css?body=1" for 127.0.0.1 at 2013-11-09 15:09:48 -0500


Started GET "/assets/twitter/bootstrap/modal.js?body=1" for 127.0.0.1 at 2013-11-09 15:09:48 -0500


Started GET "/assets/jquery.js?body=1" for 127.0.0.1 at 2013-11-09 15:09:48 -0500


Started GET "/assets/jquery_ujs.js?body=1" for 127.0.0.1 at 2013-11-09 15:09:48 -0500


Started GET "/assets/turbolinks.js?body=1" for 127.0.0.1 at 2013-11-09 15:09:48 -0500


Started GET "/assets/users.js?body=1" for 127.0.0.1 at 2013-11-09 15:09:48 -0500


Started GET "/assets/twitter/bootstrap/tooltip.js?body=1" for 127.0.0.1 at 2013-11-09 15:09:48 -0500


Started GET "/assets/twitter/bootstrap/popover.js?body=1" for 127.0.0.1 at 2013-11-09 15:09:48 -0500


Started GET "/assets/twitter/bootstrap/tab.js?body=1" for 127.0.0.1 at 2013-11-09 15:09:48 -0500


Started GET "/assets/holder.js?body=1" for 127.0.0.1 at 2013-11-09 15:09:48 -0500


Started GET "/assets/twitter/bootstrap/scrollspy.js?body=1" for 127.0.0.1 at 2013-11-09 15:09:48 -0500


Started GET "/assets/twitter/bootstrap/affix.js?body=1" for 127.0.0.1 at 2013-11-09 15:09:48 -0500


Started GET "/assets/twitter/bootstrap.js?body=1" for 127.0.0.1 at 2013-11-09 15:09:48 -0500


Started GET "/assets/application.js?body=1" for 127.0.0.1 at 2013-11-09 15:09:48 -0500


Started GET "/" for 127.0.0.1 at 2013-11-09 15:14:21 -0500
Processing by PagesController#home as HTML
  Rendered pages/home.html.erb within layouts/application (0.1ms)
Completed 200 OK in 16ms (Views: 14.2ms | ActiveRecord: 0.0ms)


Started GET "/assets/application.css?body=1" for 127.0.0.1 at 2013-11-09 15:14:21 -0500


Started GET "/assets/users.css?body=1" for 127.0.0.1 at 2013-11-09 15:14:21 -0500


Started GET "/assets/users.js?body=1" for 127.0.0.1 at 2013-11-09 15:14:21 -0500


Started GET "/assets/twitter/bootstrap/transition.js?body=1" for 127.0.0.1 at 2013-11-09 15:14:21 -0500


Started GET "/assets/jquery_ujs.js?body=1" for 127.0.0.1 at 2013-11-09 15:14:21 -0500


Started GET "/assets/jquery.js?body=1" for 127.0.0.1 at 2013-11-09 15:14:21 -0500


Started GET "/assets/turbolinks.js?body=1" for 127.0.0.1 at 2013-11-09 15:14:21 -0500


Started GET "/assets/twitter/bootstrap/alert.js?body=1" for 127.0.0.1 at 2013-11-09 15:14:21 -0500


Started GET "/assets/twitter/bootstrap/button.js?body=1" for 127.0.0.1 at 2013-11-09 15:14:21 -0500


Started GET "/assets/twitter/bootstrap/carousel.js?body=1" for 127.0.0.1 at 2013-11-09 15:14:21 -0500


Started GET "/assets/twitter/bootstrap/collapse.js?body=1" for 127.0.0.1 at 2013-11-09 15:14:21 -0500


Started GET "/assets/twitter/bootstrap/dropdown.js?body=1" for 127.0.0.1 at 2013-11-09 15:14:21 -0500


Started GET "/assets/twitter/bootstrap/modal.js?body=1" for 127.0.0.1 at 2013-11-09 15:14:21 -0500


Started GET "/assets/twitter/bootstrap/popover.js?body=1" for 127.0.0.1 at 2013-11-09 15:14:21 -0500


Started GET "/assets/holder.js?body=1" for 127.0.0.1 at 2013-11-09 15:14:21 -0500


Started GET "/assets/twitter/bootstrap/tooltip.js?body=1" for 127.0.0.1 at 2013-11-09 15:14:21 -0500


Started GET "/assets/twitter/bootstrap/scrollspy.js?body=1" for 127.0.0.1 at 2013-11-09 15:14:21 -0500


Started GET "/assets/twitter/bootstrap/affix.js?body=1" for 127.0.0.1 at 2013-11-09 15:14:21 -0500


Started GET "/assets/twitter/bootstrap.js?body=1" for 127.0.0.1 at 2013-11-09 15:14:21 -0500


Started GET "/assets/twitter/bootstrap/tab.js?body=1" for 127.0.0.1 at 2013-11-09 15:14:21 -0500


Started GET "/assets/application.js?body=1" for 127.0.0.1 at 2013-11-09 15:14:21 -0500


Started GET "/" for 127.0.0.1 at 2013-11-09 15:15:19 -0500
Processing by PagesController#home as HTML
  Rendered pages/home.html.erb within layouts/application (0.1ms)
Completed 200 OK in 11ms (Views: 9.9ms | ActiveRecord: 0.0ms)


Started GET "/assets/application.css?body=1" for 127.0.0.1 at 2013-11-09 15:15:19 -0500


Started GET "/assets/users.css?body=1" for 127.0.0.1 at 2013-11-09 15:15:19 -0500


Started GET "/assets/jquery_ujs.js?body=1" for 127.0.0.1 at 2013-11-09 15:15:19 -0500


Started GET "/assets/users.js?body=1" for 127.0.0.1 at 2013-11-09 15:15:19 -0500


Started GET "/assets/jquery.js?body=1" for 127.0.0.1 at 2013-11-09 15:15:19 -0500


Started GET "/assets/turbolinks.js?body=1" for 127.0.0.1 at 2013-11-09 15:15:19 -0500


Started GET "/assets/twitter/bootstrap/transition.js?body=1" for 127.0.0.1 at 2013-11-09 15:15:19 -0500


Started GET "/assets/twitter/bootstrap/button.js?body=1" for 127.0.0.1 at 2013-11-09 15:15:19 -0500


Started GET "/assets/twitter/bootstrap/alert.js?body=1" for 127.0.0.1 at 2013-11-09 15:15:19 -0500


Started GET "/assets/twitter/bootstrap/collapse.js?body=1" for 127.0.0.1 at 2013-11-09 15:15:19 -0500


Started GET "/assets/twitter/bootstrap/carousel.js?body=1" for 127.0.0.1 at 2013-11-09 15:15:19 -0500


Started GET "/assets/twitter/bootstrap/modal.js?body=1" for 127.0.0.1 at 2013-11-09 15:15:19 -0500


Started GET "/assets/twitter/bootstrap/dropdown.js?body=1" for 127.0.0.1 at 2013-11-09 15:15:19 -0500


Started GET "/assets/twitter/bootstrap/tooltip.js?body=1" for 127.0.0.1 at 2013-11-09 15:15:19 -0500


Started GET "/assets/twitter/bootstrap/scrollspy.js?body=1" for 127.0.0.1 at 2013-11-09 15:15:19 -0500


Started GET "/assets/twitter/bootstrap/affix.js?body=1" for 127.0.0.1 at 2013-11-09 15:15:19 -0500


Started GET "/assets/twitter/bootstrap.js?body=1" for 127.0.0.1 at 2013-11-09 15:15:19 -0500


Started GET "/assets/twitter/bootstrap/popover.js?body=1" for 127.0.0.1 at 2013-11-09 15:15:19 -0500


Started GET "/assets/twitter/bootstrap/tab.js?body=1" for 127.0.0.1 at 2013-11-09 15:15:19 -0500


Started GET "/assets/holder.js?body=1" for 127.0.0.1 at 2013-11-09 15:15:19 -0500


Started GET "/assets/application.js?body=1" for 127.0.0.1 at 2013-11-09 15:15:19 -0500


Started GET "/" for 127.0.0.1 at 2013-11-09 15:16:48 -0500
Processing by PagesController#home as HTML
  Rendered pages/home.html.erb within layouts/application (0.1ms)
Completed 200 OK in 11ms (Views: 10.5ms | ActiveRecord: 0.0ms)


Started GET "/assets/application.css?body=1" for 127.0.0.1 at 2013-11-09 15:16:48 -0500


Started GET "/assets/users.css?body=1" for 127.0.0.1 at 2013-11-09 15:16:48 -0500


Started GET "/assets/jquery.js?body=1" for 127.0.0.1 at 2013-11-09 15:16:48 -0500


Started GET "/assets/jquery_ujs.js?body=1" for 127.0.0.1 at 2013-11-09 15:16:48 -0500


Started GET "/assets/turbolinks.js?body=1" for 127.0.0.1 at 2013-11-09 15:16:48 -0500


Started GET "/assets/users.js?body=1" for 127.0.0.1 at 2013-11-09 15:16:48 -0500


Started GET "/assets/twitter/bootstrap/transition.js?body=1" for 127.0.0.1 at 2013-11-09 15:16:48 -0500


Started GET "/assets/twitter/bootstrap/alert.js?body=1" for 127.0.0.1 at 2013-11-09 15:16:48 -0500


Started GET "/assets/twitter/bootstrap/carousel.js?body=1" for 127.0.0.1 at 2013-11-09 15:16:48 -0500


Started GET "/assets/twitter/bootstrap/collapse.js?body=1" for 127.0.0.1 at 2013-11-09 15:16:48 -0500


Started GET "/assets/twitter/bootstrap/button.js?body=1" for 127.0.0.1 at 2013-11-09 15:16:48 -0500


Started GET "/assets/twitter/bootstrap/dropdown.js?body=1" for 127.0.0.1 at 2013-11-09 15:16:48 -0500


Started GET "/assets/twitter/bootstrap/modal.js?body=1" for 127.0.0.1 at 2013-11-09 15:16:48 -0500


Started GET "/assets/twitter/bootstrap/tooltip.js?body=1" for 127.0.0.1 at 2013-11-09 15:16:48 -0500


Started GET "/assets/twitter/bootstrap/popover.js?body=1" for 127.0.0.1 at 2013-11-09 15:16:48 -0500


Started GET "/assets/twitter/bootstrap/scrollspy.js?body=1" for 127.0.0.1 at 2013-11-09 15:16:48 -0500


Started GET "/assets/twitter/bootstrap/tab.js?body=1" for 127.0.0.1 at 2013-11-09 15:16:48 -0500


Started GET "/assets/twitter/bootstrap/affix.js?body=1" for 127.0.0.1 at 2013-11-09 15:16:48 -0500


Started GET "/assets/holder.js?body=1" for 127.0.0.1 at 2013-11-09 15:16:48 -0500


Started GET "/assets/twitter/bootstrap.js?body=1" for 127.0.0.1 at 2013-11-09 15:16:48 -0500


Started GET "/assets/application.js?body=1" for 127.0.0.1 at 2013-11-09 15:16:48 -0500


Started GET "/" for 127.0.0.1 at 2013-11-09 15:21:34 -0500
Processing by PagesController#home as HTML
  Rendered pages/home.html.erb within layouts/application (0.1ms)
Completed 200 OK in 12ms (Views: 11.2ms | ActiveRecord: 0.0ms)


Started GET "/assets/application.css?body=1" for 127.0.0.1 at 2013-11-09 15:21:34 -0500


Started GET "/assets/turbolinks.js?body=1" for 127.0.0.1 at 2013-11-09 15:21:34 -0500


Started GET "/assets/jquery_ujs.js?body=1" for 127.0.0.1 at 2013-11-09 15:21:34 -0500


Started GET "/assets/users.css?body=1" for 127.0.0.1 at 2013-11-09 15:21:34 -0500


Started GET "/assets/jquery.js?body=1" for 127.0.0.1 at 2013-11-09 15:21:34 -0500


Started GET "/assets/users.js?body=1" for 127.0.0.1 at 2013-11-09 15:21:34 -0500


Started GET "/assets/twitter/bootstrap/transition.js?body=1" for 127.0.0.1 at 2013-11-09 15:21:34 -0500


Started GET "/assets/twitter/bootstrap/alert.js?body=1" for 127.0.0.1 at 2013-11-09 15:21:34 -0500


Started GET "/assets/twitter/bootstrap/button.js?body=1" for 127.0.0.1 at 2013-11-09 15:21:34 -0500


Started GET "/assets/twitter/bootstrap/carousel.js?body=1" for 127.0.0.1 at 2013-11-09 15:21:34 -0500


Started GET "/assets/twitter/bootstrap/collapse.js?body=1" for 127.0.0.1 at 2013-11-09 15:21:34 -0500


Started GET "/assets/twitter/bootstrap/dropdown.js?body=1" for 127.0.0.1 at 2013-11-09 15:21:34 -0500


Started GET "/assets/twitter/bootstrap/modal.js?body=1" for 127.0.0.1 at 2013-11-09 15:21:34 -0500


Started GET "/assets/twitter/bootstrap/tooltip.js?body=1" for 127.0.0.1 at 2013-11-09 15:21:34 -0500


Started GET "/assets/twitter/bootstrap/scrollspy.js?body=1" for 127.0.0.1 at 2013-11-09 15:21:34 -0500


Started GET "/assets/twitter/bootstrap/affix.js?body=1" for 127.0.0.1 at 2013-11-09 15:21:34 -0500


Started GET "/assets/twitter/bootstrap/popover.js?body=1" for 127.0.0.1 at 2013-11-09 15:21:34 -0500


Started GET "/assets/twitter/bootstrap/tab.js?body=1" for 127.0.0.1 at 2013-11-09 15:21:34 -0500


Started GET "/assets/twitter/bootstrap.js?body=1" for 127.0.0.1 at 2013-11-09 15:21:34 -0500


Started GET "/assets/holder.js?body=1" for 127.0.0.1 at 2013-11-09 15:21:34 -0500


Started GET "/assets/application.js?body=1" for 127.0.0.1 at 2013-11-09 15:21:34 -0500


Started GET "/users/sign_up" for 127.0.0.1 at 2013-11-09 15:21:37 -0500
Processing by Devise::RegistrationsController#new as HTML
  Rendered /Users/jansonp/.rvm/gems/ruby-2.0.0-p247/gems/devise-3.2.0/app/views/devise/shared/_links.erb (1.3ms)
  Rendered /Users/jansonp/.rvm/gems/ruby-2.0.0-p247/gems/devise-3.2.0/app/views/devise/registrations/new.html.erb within layouts/application (85.6ms)
Completed 200 OK in 109ms (Views: 96.1ms | ActiveRecord: 0.6ms)


Started GET "/users/sign_up" for 127.0.0.1 at 2013-11-09 15:31:57 -0500
Processing by Devise::RegistrationsController#new as HTML
  Rendered /Users/jansonp/.rvm/gems/ruby-2.0.0-p247/gems/devise-3.2.0/app/views/devise/shared/_links.erb (0.3ms)
  Rendered /Users/jansonp/.rvm/gems/ruby-2.0.0-p247/gems/devise-3.2.0/app/views/devise/registrations/new.html.erb within layouts/application (3.8ms)
Completed 200 OK in 16ms (Views: 14.8ms | ActiveRecord: 0.0ms)


Started GET "/assets/application.css?body=1" for 127.0.0.1 at 2013-11-09 15:31:57 -0500


Started GET "/assets/jquery_ujs.js?body=1" for 127.0.0.1 at 2013-11-09 15:31:57 -0500


Started GET "/assets/jquery.js?body=1" for 127.0.0.1 at 2013-11-09 15:31:57 -0500


Started GET "/assets/turbolinks.js?body=1" for 127.0.0.1 at 2013-11-09 15:31:57 -0500


Started GET "/assets/users.js?body=1" for 127.0.0.1 at 2013-11-09 15:31:57 -0500


Started GET "/assets/twitter/bootstrap/transition.js?body=1" for 127.0.0.1 at 2013-11-09 15:31:57 -0500


Started GET "/assets/users.css?body=1" for 127.0.0.1 at 2013-11-09 15:31:57 -0500


Started GET "/assets/twitter/bootstrap/alert.js?body=1" for 127.0.0.1 at 2013-11-09 15:31:57 -0500


Started GET "/assets/twitter/bootstrap/button.js?body=1" for 127.0.0.1 at 2013-11-09 15:31:57 -0500


Started GET "/assets/twitter/bootstrap/carousel.js?body=1" for 127.0.0.1 at 2013-11-09 15:31:57 -0500


Started GET "/assets/twitter/bootstrap/collapse.js?body=1" for 127.0.0.1 at 2013-11-09 15:31:57 -0500


Started GET "/assets/twitter/bootstrap/dropdown.js?body=1" for 127.0.0.1 at 2013-11-09 15:31:57 -0500


Started GET "/assets/twitter/bootstrap/modal.js?body=1" for 127.0.0.1 at 2013-11-09 15:31:57 -0500


Started GET "/assets/twitter/bootstrap/tooltip.js?body=1" for 127.0.0.1 at 2013-11-09 15:31:57 -0500


Started GET "/assets/holder.js?body=1" for 127.0.0.1 at 2013-11-09 15:31:57 -0500


Started GET "/assets/twitter/bootstrap/tab.js?body=1" for 127.0.0.1 at 2013-11-09 15:31:57 -0500


Started GET "/assets/twitter/bootstrap/popover.js?body=1" for 127.0.0.1 at 2013-11-09 15:31:57 -0500


Started GET "/assets/twitter/bootstrap/affix.js?body=1" for 127.0.0.1 at 2013-11-09 15:31:57 -0500


Started GET "/assets/twitter/bootstrap/scrollspy.js?body=1" for 127.0.0.1 at 2013-11-09 15:31:57 -0500


Started GET "/assets/twitter/bootstrap.js?body=1" for 127.0.0.1 at 2013-11-09 15:31:57 -0500


Started GET "/assets/application.js?body=1" for 127.0.0.1 at 2013-11-09 15:31:57 -0500


Started GET "/users/sign_up" for 127.0.0.1 at 2013-11-09 16:18:26 -0500

Errno::ENOENT - No such file or directory - /Users/jansonp/Development/projects/coolkids/coolkids/db:
  activerecord (4.0.1) lib/active_record/connection_adapters/sqlite3_adapter.rb:23:in `sqlite3_connection'
  activerecord (4.0.1) lib/active_record/connection_adapters/abstract/connection_pool.rb:440:in `new_connection'
  activerecord (4.0.1) lib/active_record/connection_adapters/abstract/connection_pool.rb:450:in `checkout_new_connection'
  activerecord (4.0.1) lib/active_record/connection_adapters/abstract/connection_pool.rb:421:in `acquire_connection'
  activerecord (4.0.1) lib/active_record/connection_adapters/abstract/connection_pool.rb:356:in `block in checkout'
  /Users/jansonp/.rvm/rubies/ruby-2.0.0-p247/lib/ruby/2.0.0/monitor.rb:211:in `mon_synchronize'
  activerecord (4.0.1) lib/active_record/connection_adapters/abstract/connection_pool.rb:355:in `checkout'
  activerecord (4.0.1) lib/active_record/connection_adapters/abstract/connection_pool.rb:265:in `block in connection'
  /Users/jansonp/.rvm/rubies/ruby-2.0.0-p247/lib/ruby/2.0.0/monitor.rb:211:in `mon_synchronize'
  activerecord (4.0.1) lib/active_record/connection_adapters/abstract/connection_pool.rb:264:in `connection'
  activerecord (4.0.1) lib/active_record/connection_adapters/abstract/connection_pool.rb:546:in `retrieve_connection'
  activerecord (4.0.1) lib/active_record/connection_handling.rb:79:in `retrieve_connection'
  activerecord (4.0.1) lib/active_record/connection_handling.rb:53:in `connection'
  activerecord (4.0.1) lib/active_record/connection_handling.rb:92:in `clear_cache!'
  activerecord (4.0.1) lib/active_record/railtie.rb:195:in `block (3 levels) in <class:Railtie>'
  activesupport (4.0.1) lib/active_support/callbacks.rb:387:in `_run__1315389103600808809__prepare__callbacks'
  activesupport (4.0.1) lib/active_support/callbacks.rb:80:in `run_callbacks'
  actionpack (4.0.1) lib/action_dispatch/middleware/reloader.rb:74:in `prepare!'
  actionpack (4.0.1) lib/action_dispatch/middleware/reloader.rb:62:in `call'
  actionpack (4.0.1) lib/action_dispatch/middleware/remote_ip.rb:76:in `call'
  better_errors (1.0.1) lib/better_errors/middleware.rb:84:in `protected_app_call'
  better_errors (1.0.1) lib/better_errors/middleware.rb:79:in `better_errors_call'
  better_errors (1.0.1) lib/better_errors/middleware.rb:56:in `call'
  actionpack (4.0.1) lib/action_dispatch/middleware/debug_exceptions.rb:17:in `call'
  actionpack (4.0.1) lib/action_dispatch/middleware/show_exceptions.rb:30:in `call'
  railties (4.0.1) lib/rails/rack/logger.rb:38:in `call_app'
  railties (4.0.1) lib/rails/rack/logger.rb:20:in `block in call'
  activesupport (4.0.1) lib/active_support/tagged_logging.rb:67:in `block in tagged'
  activesupport (4.0.1) lib/active_support/tagged_logging.rb:25:in `tagged'
  activesupport (4.0.1) lib/active_support/tagged_logging.rb:67:in `tagged'
  railties (4.0.1) lib/rails/rack/logger.rb:20:in `call'
  actionpack (4.0.1) lib/action_dispatch/middleware/request_id.rb:21:in `call'
  rack (1.5.2) lib/rack/methodoverride.rb:21:in `call'
  rack (1.5.2) lib/rack/runtime.rb:17:in `call'
  activesupport (4.0.1) lib/active_support/cache/strategy/local_cache.rb:83:in `call'
  rack (1.5.2) lib/rack/lock.rb:17:in `call'
  actionpack (4.0.1) lib/action_dispatch/middleware/static.rb:64:in `call'
  rack (1.5.2) lib/rack/sendfile.rb:112:in `call'
  railties (4.0.1) lib/rails/engine.rb:511:in `call'
  railties (4.0.1) lib/rails/application.rb:97:in `call'
  rack (1.5.2) lib/rack/lock.rb:17:in `call'
  rack (1.5.2) lib/rack/content_length.rb:14:in `call'
  rack (1.5.2) lib/rack/handler/webrick.rb:60:in `service'
  /Users/jansonp/.rvm/rubies/ruby-2.0.0-p247/lib/ruby/2.0.0/webrick/httpserver.rb:138:in `service'
  /Users/jansonp/.rvm/rubies/ruby-2.0.0-p247/lib/ruby/2.0.0/webrick/httpserver.rb:94:in `run'
  /Users/jansonp/.rvm/rubies/ruby-2.0.0-p247/lib/ruby/2.0.0/webrick/server.rb:295:in `block in start_thread'



Started POST "/__better_errors/70167663369360/variables" for 127.0.0.1 at 2013-11-09 16:18:26 -0500


Started GET "/favicon.ico" for 127.0.0.1 at 2013-11-09 16:18:26 -0500

LoadError - cannot load such file -- /Users/jansonp/Development/projects/coolkids/coolkids/config/routes.rb:
  activesupport (4.0.1) lib/active_support/dependencies.rb:223:in `block in load'
  activesupport (4.0.1) lib/active_support/dependencies.rb:214:in `load_dependency'
  activesupport (4.0.1) lib/active_support/dependencies.rb:223:in `load'
  railties (4.0.1) lib/rails/application/routes_reloader.rb:40:in `block in load_paths'
  railties (4.0.1) lib/rails/application/routes_reloader.rb:40:in `load_paths'
  railties (4.0.1) lib/rails/application/routes_reloader.rb:16:in `reload!'
  railties (4.0.1) lib/rails/application/routes_reloader.rb:26:in `block in updater'
  activesupport (4.0.1) lib/active_support/file_update_checker.rb:75:in `execute'
  railties (4.0.1) lib/rails/application/routes_reloader.rb:7:in `execute'
  railties (4.0.1) lib/rails/application/finisher.rb:81:in `block (2 levels) in <module:Finisher>'
  activesupport (4.0.1) lib/active_support/callbacks.rb:407:in `_run__1315389103600808809__prepare__callbacks'
  activesupport (4.0.1) lib/active_support/callbacks.rb:80:in `run_callbacks'
  actionpack (4.0.1) lib/action_dispatch/middleware/reloader.rb:74:in `prepare!'
  actionpack (4.0.1) lib/action_dispatch/middleware/reloader.rb:62:in `call'
  actionpack (4.0.1) lib/action_dispatch/middleware/remote_ip.rb:76:in `call'
  better_errors (1.0.1) lib/better_errors/middleware.rb:84:in `protected_app_call'
  better_errors (1.0.1) lib/better_errors/middleware.rb:79:in `better_errors_call'
  better_errors (1.0.1) lib/better_errors/middleware.rb:56:in `call'
  actionpack (4.0.1) lib/action_dispatch/middleware/debug_exceptions.rb:17:in `call'
  actionpack (4.0.1) lib/action_dispatch/middleware/show_exceptions.rb:30:in `call'
  railties (4.0.1) lib/rails/rack/logger.rb:38:in `call_app'
  railties (4.0.1) lib/rails/rack/logger.rb:20:in `block in call'
  activesupport (4.0.1) lib/active_support/tagged_logging.rb:67:in `block in tagged'
  activesupport (4.0.1) lib/active_support/tagged_logging.rb:25:in `tagged'
  activesupport (4.0.1) lib/active_support/tagged_logging.rb:67:in `tagged'
  railties (4.0.1) lib/rails/rack/logger.rb:20:in `call'
  actionpack (4.0.1) lib/action_dispatch/middleware/request_id.rb:21:in `call'
  rack (1.5.2) lib/rack/methodoverride.rb:21:in `call'
  rack (1.5.2) lib/rack/runtime.rb:17:in `call'
  activesupport (4.0.1) lib/active_support/cache/strategy/local_cache.rb:83:in `call'
  rack (1.5.2) lib/rack/lock.rb:17:in `call'
  actionpack (4.0.1) lib/action_dispatch/middleware/static.rb:64:in `call'
  rack (1.5.2) lib/rack/sendfile.rb:112:in `call'
  railties (4.0.1) lib/rails/engine.rb:511:in `call'
  railties (4.0.1) lib/rails/application.rb:97:in `call'
  rack (1.5.2) lib/rack/lock.rb:17:in `call'
  rack (1.5.2) lib/rack/content_length.rb:14:in `call'
  rack (1.5.2) lib/rack/handler/webrick.rb:60:in `service'
  /Users/jansonp/.rvm/rubies/ruby-2.0.0-p247/lib/ruby/2.0.0/webrick/httpserver.rb:138:in `service'
  /Users/jansonp/.rvm/rubies/ruby-2.0.0-p247/lib/ruby/2.0.0/webrick/httpserver.rb:94:in `run'
  /Users/jansonp/.rvm/rubies/ruby-2.0.0-p247/lib/ruby/2.0.0/webrick/server.rb:295:in `block in start_thread'

